<?xml version="1.0" encoding="UTF-8"?>
<!-- Generated by org.testng.reporters.JUnitReportReporter -->
<testsuite hostname="HarPalDiv" failures="0" tests="1" name="com.crm.qa.testcases.HomePageTest" time="12.312" errors="0" timestamp="2023-05-13T23:24:25 IST" skipped="0">
  <testcase classname="com.crm.qa.testcases.HomePageTest" name="verifyContactsLinkTest" time="12.312"/>
  <system-out/>
</testsuite> <!-- com.crm.qa.testcases.HomePageTest -->
